<?xml version="1.0" encoding="UTF-8"?>
<!-- Generated by org.testng.reporters.JUnitReportReporter -->
<testsuite skipped="0" hostname="IBM077-PC0GJ02N" name="testcase1.CreateLead" tests="1" failures="0" timestamp="21 Jul 2018 15:34:58 GMT" time="21.446" errors="0">
  <testcase name="createlead" time="21.446" classname="testcase1.CreateLead"/>
</testsuite> <!-- testcase1.CreateLead -->
