<?xml version="1.0" encoding="UTF-8"?>
<!-- Generated by org.testng.reporters.JUnitReportReporter -->
<testsuite skipped="0" hostname="IBM077-PC0GJ02N" name="grid.JqueryUi" tests="1" failures="0" timestamp="04 Aug 2018 10:17:39 GMT" time="18.739" errors="0">
  <testcase name="frame" time="18.739" classname="grid.JqueryUi"/>
</testsuite> <!-- grid.JqueryUi -->
