<?xml version="1.0" encoding="UTF-8"?>
<!-- Generated by org.testng.reporters.JUnitReportReporter -->
<testsuite skipped="0" hostname="IBM077-PC0GJ02N" name="grid.JqueryUi" tests="1" failures="0" timestamp="05 Aug 2018 06:26:20 GMT" time="18.620" errors="0">
  <testcase name="frame" time="18.620" classname="grid.JqueryUi"/>
</testsuite> <!-- grid.JqueryUi -->
