<?xml version="1.0" encoding="UTF-8"?>
<!-- Generated by org.testng.reporters.JUnitReportReporter -->
<testsuite skipped="0" hostname="IBM077-PC0GJ02N" name="testcase.CreateContact" tests="1" failures="0" timestamp="21 Jul 2018 04:29:19 GMT" time="110.258" errors="0">
  <testcase name="login" time="110.258" classname="testcase.CreateContact"/>
</testsuite> <!-- testcase.CreateContact -->
