<?xml version="1.0" encoding="UTF-8"?>
<!-- Generated by org.testng.reporters.JUnitReportReporter -->
<testsuite skipped="0" hostname="IBM077-PC0GJ02N" name="testcase1.EditLead" tests="1" failures="0" timestamp="21 Jul 2018 06:45:53 GMT" time="32.349" errors="0">
  <testcase name="editlead" time="32.349" classname="testcase1.EditLead"/>
</testsuite> <!-- testcase1.EditLead -->
