<?xml version="1.0" encoding="UTF-8"?>
<!-- Generated by org.testng.reporters.JUnitReportReporter -->
<testsuite skipped="0" hostname="IBM077-PC0GJ02N" name="testcaseparameter.EditLead" tests="2" failures="0" timestamp="30 Jul 2018 16:51:03 GMT" time="44.920" errors="0">
  <testcase name="editlead" time="23.069" classname="testcaseparameter.EditLead"/>
  <testcase name="editlead" time="21.851" classname="testcaseparameter.EditLead"/>
</testsuite> <!-- testcaseparameter.EditLead -->
