<?xml version="1.0" encoding="UTF-8"?>
<!-- Generated by org.testng.reporters.JUnitReportReporter -->
<testsuite skipped="0" hostname="IBM077-PC0GJ02N" name="testcase1.DeleteLead" tests="1" failures="0" timestamp="21 Jul 2018 06:51:41 GMT" time="26.614" errors="1">
  <testcase name="deletelead" time="26.614" classname="testcase1.DeleteLead">
    <error type="org.testng.internal.thread.ThreadTimeoutException" message="Method testcase1.DeleteLead.deletelead() didn&#039;t finish within the time-out 10000">
      <![CDATA[org.testng.internal.thread.ThreadTimeoutException: Method testcase1.DeleteLead.deletelead() didn't finish within the time-out 10000
at java.util.concurrent.ThreadPoolExecutor.processWorkerExit(Unknown Source)
at java.util.concurrent.ThreadPoolExecutor.runWorker(Unknown Source)
at java.util.concurrent.ThreadPoolExecutor$Worker.run(Unknown Source)
at java.lang.Thread.run(Unknown Source)
]]>
    </error>
  </testcase> <!-- deletelead -->
</testsuite> <!-- testcase1.DeleteLead -->
