<?xml version="1.0" encoding="UTF-8"?>
<!-- Generated by org.testng.reporters.JUnitReportReporter -->
<testsuite skipped="0" hostname="IBM077-PC0GJ02N" name="day5week2pageobjetmodel.TC001_MergeLead" tests="1" failures="0" timestamp="16 Aug 2018 11:43:53 GMT" time="32.342" errors="0">
  <testcase name="mergelead" time="32.342" classname="day5week2pageobjetmodel.TC001_MergeLead"/>
</testsuite> <!-- day5week2pageobjetmodel.TC001_MergeLead -->
