<?xml version="1.0" encoding="UTF-8"?>
<!-- Generated by org.testng.reporters.JUnitReportReporter -->
<testsuite skipped="0" hostname="IBM077-PC0GJ02N" name="testcaseparameter.CreateLead" tests="2" failures="0" timestamp="30 Jul 2018 16:51:03 GMT" time="39.793" errors="0">
  <testcase name="createlead" time="21.490" classname="testcaseparameter.CreateLead"/>
  <testcase name="createlead" time="18.303" classname="testcaseparameter.CreateLead"/>
</testsuite> <!-- testcaseparameter.CreateLead -->
