<?xml version="1.0" encoding="UTF-8"?>
<!-- Generated by org.testng.reporters.JUnitReportReporter -->
<testsuite skipped="0" hostname="IBM077-PC0GJ02N" name="day5week2pageobjetmodel.TC001_CreateLead" tests="4" failures="0" timestamp="16 Aug 2018 11:31:52 GMT" time="95.245" errors="0">
  <testcase name="createlead" time="21.595" classname="day5week2pageobjetmodel.TC001_CreateLead"/>
  <testcase name="createlead" time="34.813" classname="day5week2pageobjetmodel.TC001_CreateLead"/>
  <testcase name="createlead" time="16.840" classname="day5week2pageobjetmodel.TC001_CreateLead"/>
  <testcase name="createlead" time="21.997" classname="day5week2pageobjetmodel.TC001_CreateLead"/>
</testsuite> <!-- day5week2pageobjetmodel.TC001_CreateLead -->
