<?xml version="1.0" encoding="UTF-8"?>
<!-- Generated by org.testng.reporters.JUnitReportReporter -->
<testsuite skipped="0" hostname="IBM077-PC0GJ02N" name="testnghomework.MergeLead" tests="1" failures="0" timestamp="22 Jul 2018 15:26:37 GMT" time="37.697" errors="0">
  <testcase name="mergelead" time="37.697" classname="testnghomework.MergeLead"/>
</testsuite> <!-- testnghomework.MergeLead -->
