<?xml version="1.0" encoding="UTF-8"?>
<!-- Generated by org.testng.reporters.JUnitReportReporter -->
<testsuite skipped="0" hostname="IBM077-PC0GJ02N" name="testcaseparameter.DuplicateLead" tests="2" failures="0" timestamp="30 Jul 2018 16:51:03 GMT" time="65.763" errors="0">
  <testcase name="duplicatelead" time="39.325" classname="testcaseparameter.DuplicateLead"/>
  <testcase name="duplicatelead" time="26.438" classname="testcaseparameter.DuplicateLead"/>
</testsuite> <!-- testcaseparameter.DuplicateLead -->
