<?xml version="1.0" encoding="UTF-8"?>
<!-- Generated by org.testng.reporters.JUnitReportReporter -->
<testsuite skipped="0" hostname="IBM077-PC0GJ02N" name="day5week2pageobjetmodel.TC001_CreateLeadNegative" tests="3" failures="0" timestamp="02 Aug 2018 17:21:17 GMT" time="58.687" errors="0">
  <testcase name="createlead" time="18.198" classname="day5week2pageobjetmodel.TC001_CreateLeadNegative"/>
  <testcase name="createlead" time="21.003" classname="day5week2pageobjetmodel.TC001_CreateLeadNegative"/>
  <testcase name="createlead" time="19.486" classname="day5week2pageobjetmodel.TC001_CreateLeadNegative"/>
</testsuite> <!-- day5week2pageobjetmodel.TC001_CreateLeadNegative -->
