<?xml version="1.0" encoding="UTF-8"?>
<!-- Generated by org.testng.reporters.JUnitReportReporter -->
<testsuite skipped="0" hostname="IBM077-PC0GJ02N" name="day6week1Excelparameter.CreateLead" tests="2" failures="0" timestamp="28 Jul 2018 05:35:17 GMT" time="105.533" errors="0">
  <testcase name="createlead" time="71.757" classname="day6week1Excelparameter.CreateLead"/>
  <testcase name="createlead" time="33.776" classname="day6week1Excelparameter.CreateLead"/>
</testsuite> <!-- day6week1Excelparameter.CreateLead -->
