<?xml version="1.0" encoding="UTF-8"?>
<!-- Generated by org.testng.reporters.JUnitReportReporter -->
<testsuite skipped="0" hostname="IBM077-PC0GJ02N" name="testcaseparameter.DeleteLead" tests="2" failures="0" timestamp="30 Jul 2018 16:51:03 GMT" time="73.076" errors="0">
  <testcase name="deletelead" time="33.423" classname="testcaseparameter.DeleteLead"/>
  <testcase name="deletelead" time="39.653" classname="testcaseparameter.DeleteLead"/>
</testsuite> <!-- testcaseparameter.DeleteLead -->
