<?xml version="1.0" encoding="UTF-8"?>
<!-- Generated by org.testng.reporters.JUnitReportReporter -->
<testsuite skipped="0" hostname="IBM077-PC0GJ02N" name="day5week2pageobjetmodel.TC001_CreateLead" tests="4" failures="0" timestamp="03 Aug 2018 18:19:37 GMT" time="80.344" errors="0">
  <testcase name="createlead" time="23.138" classname="day5week2pageobjetmodel.TC001_CreateLead"/>
  <testcase name="createlead" time="17.492" classname="day5week2pageobjetmodel.TC001_CreateLead"/>
  <testcase name="createlead" time="21.444" classname="day5week2pageobjetmodel.TC001_CreateLead"/>
  <testcase name="createlead" time="18.270" classname="day5week2pageobjetmodel.TC001_CreateLead"/>
</testsuite> <!-- day5week2pageobjetmodel.TC001_CreateLead -->
