<?xml version="1.0" encoding="UTF-8"?>
<!-- Generated by org.testng.reporters.JUnitReportReporter -->
<testsuite skipped="0" hostname="IBM077-PC0GJ02N" name="day5week2pageobjetmodel.TC001_EditLead" tests="2" failures="0" timestamp="02 Aug 2018 17:21:17 GMT" time="79.695" errors="0">
  <testcase name="editlead" time="43.734" classname="day5week2pageobjetmodel.TC001_EditLead"/>
  <testcase name="editlead" time="35.961" classname="day5week2pageobjetmodel.TC001_EditLead"/>
</testsuite> <!-- day5week2pageobjetmodel.TC001_EditLead -->
