<?xml version="1.0" encoding="UTF-8"?>
<!-- Generated by org.testng.reporters.JUnitReportReporter -->
<testsuite skipped="0" hostname="IBM077-PC0GJ02N" name="lisener.CreateLead" tests="1" failures="0" timestamp="22 Jul 2018 07:48:56 GMT" time="38.222" errors="0">
  <testcase name="createlead" time="38.222" classname="lisener.CreateLead"/>
</testsuite> <!-- lisener.CreateLead -->
