<?xml version="1.0" encoding="UTF-8"?>
<!-- Generated by org.testng.reporters.JUnitReportReporter -->
<testsuite skipped="0" hostname="IBM077-PC0GJ02N" name="day5week2extentreport.MergeLead" tests="1" failures="0" timestamp="06 Aug 2018 15:56:50 GMT" time="37.907" errors="0">
  <testcase name="mergelead" time="37.907" classname="day5week2extentreport.MergeLead"/>
</testsuite> <!-- day5week2extentreport.MergeLead -->
