<?xml version="1.0" encoding="UTF-8"?>
<!-- Generated by org.testng.reporters.JUnitReportReporter -->
<testsuite skipped="0" hostname="IBM077-PC0GJ02N" name="testcase.CreateLead" tests="1" failures="0" timestamp="21 Jul 2018 04:29:19 GMT" time="52.421" errors="0">
  <testcase name="login" time="52.421" classname="testcase.CreateLead"/>
</testsuite> <!-- testcase.CreateLead -->
